2023-10-26 22:50:40,908 - INFO - Starting server on port 8080...
2023-10-26 22:55:34,293 - INFO - Starting server on port 8080...
2023-10-26 23:08:58,456 - INFO - Running parser: ALLS_approvement.py
2023-10-26 23:08:58,457 - INFO - Parser ALLS_approvement.py executed successfully.
2023-10-26 23:08:58,457 - INFO - Running parser: CLSPP_approvement.py
2023-10-26 23:08:58,457 - INFO - Parser CLSPP_approvement.py executed successfully.
2023-10-26 23:08:58,457 - INFO - Running parser: COMMENTERS_approvement.py
2023-10-26 23:08:58,457 - INFO - Parser COMMENTERS_approvement.py executed successfully.
2023-10-26 23:08:58,457 - INFO - Running parser: CONTRIBUTORS_approvement.py
2023-10-26 23:08:58,457 - INFO - Parser CONTRIBUTORS_approvement.py executed successfully.
2023-10-26 23:08:58,457 - INFO - Running parser: ISERT_approvement.py
2023-10-26 23:08:58,458 - INFO - Parser ISERT_approvement.py executed successfully.
2023-10-26 23:08:58,458 - INFO - Running parser: JSL_approvement.py
2023-10-26 23:08:58,458 - INFO - Parser JSL_approvement.py executed successfully.
2023-10-26 23:08:58,458 - INFO - Running parser: LABELS_approvement.py
2023-10-26 23:08:58,458 - INFO - Parser LABELS_approvement.py executed successfully.
2023-10-26 23:08:58,458 - INFO - Running parser: STATES_approvement.py
2023-10-26 23:08:58,458 - INFO - Parser STATES_approvement.py executed successfully.
2023-10-26 23:08:58,458 - INFO - Running parser: REWARDS_approvement.py
2023-10-26 23:08:58,458 - INFO - Parser REWARDS_approvement.py executed successfully.
2023-10-26 23:08:58,458 - INFO - Running parser: convert_REWARDS.py
2023-10-26 23:08:58,458 - INFO - Parser convert_REWARDS.py executed successfully.
2023-10-26 23:08:58,458 - INFO - Waiting for four hours...
